<?xml version="1.0" encoding="UTF-8"?>
<!-- Generated by org.testng.reporters.JUnitReportReporter -->
<testsuite hostname="Admin" failures="0" tests="1" name="day6.testngarcitecture" time="6.423" errors="0" timestamp="12 Mar 2024 13:56:21 GMT" skipped="0">
  <testcase classname="day6.testngarcitecture" name="tco1usernameandpassword" time="6.423"/>
</testsuite> <!-- day6.testngarcitecture -->
