<?xml version="1.0" encoding="UTF-8"?>
<!-- Generated by org.testng.reporters.JUnitReportReporter -->
<testsuite hostname="Admin" failures="0" tests="3" name="day6.testngbasics" time="0.031" errors="0" timestamp="10 Mar 2024 06:50:11 GMT" skipped="0">
  <testcase classname="day6.testngbasics" name="tc01" time="0.026"/>
  <testcase classname="day6.testngbasics" name="tc03" time="0.002"/>
  <testcase classname="day6.testngbasics" name="tc02" time="0.003"/>
</testsuite> <!-- day6.testngbasics -->
